This file contains any messages produced by compilers while
running configure, to aid debugging if configure makes a mistake.

It was created by configure, which was
generated by GNU Autoconf 2.64.  Invocation command line was

  $ ./configure --silent CC= LD= AR= CFLAGS=

## --------- ##
## Platform. ##
## --------- ##

hostname = WILSON-THINK
uname -m = i686
uname -r = 1.7.5(0.225/5/3)
uname -s = CYGWIN_NT-6.1
uname -v = 2010-04-12 19:07

/usr/bin/uname -p = unknown
/bin/uname -X     = unknown

/bin/arch              = i686
/usr/bin/arch -k       = unknown
/usr/convex/getsysinfo = unknown
/usr/bin/hostinfo      = unknown
/bin/machine           = unknown
/usr/bin/oslevel       = unknown
/bin/universe          = unknown

PATH: /usr/local/bin
PATH: /usr/bin
PATH: /bin
PATH: /cygdrive/c/Windows/system32
PATH: /cygdrive/c/Windows
PATH: /cygdrive/c/Windows/System32/Wbem
PATH: /cygdrive/c/Windows/System32/WindowsPowerShell/v1.0/
PATH: /cygdrive/c/Program Files/ThinkPad/Bluetooth Software/
PATH: /cygdrive/c/Program Files/Common Files/Lenovo
PATH: /cygdrive/c/Program Files/Lenovo/Access Connections/
PATH: /cygdrive/c/PROGRA~1/DISKEE~1/DISKEE~1/
PATH: /cygdrive/c/Program Files/Intel/WiFi/bin/
PATH: /cygdrive/c/Program Files/Common Files/Intel/WirelessCommon/
PATH: /cygdrive/d/Program Files/TortoiseSVN/bin
PATH: /cygdrive/d/Program Files/TortoiseGit/bin
PATH: /cygdrive/c/Program Files/Microsoft SQL Server/90/Tools/binn/
PATH: /cygdrive/c/Program Files/Common Files/Thunder Network/KanKan/Codecs
PATH: /cygdrive/d/Ruby/bin
PATH: /cygdrive/d/Ruby19/bin
PATH: /cygdrive/d/jruby-1.5.0.RC1/bin
PATH: /cygdrive/d/Program Files/IDM Computer Solutions/UltraEdit/
PATH: /cygdrive/d/Program Files/IDM Computer Solutions/UltraCompare/
PATH: /usr/lib/lapack


## ----------- ##
## Core tests. ##
## ----------- ##

configure:2138: checking build system type
configure:2152: result: i686-pc-cygwin
configure:2172: checking host system type
configure:2185: result: i686-pc-cygwin
configure:2262: checking for gcc
configure:2278: found /usr/bin/gcc
configure:2289: result: gcc
configure:2518: checking for C compiler version
configure:2527: gcc --version >&5
gcc (GCC) 4.3.4 20090804 (release) 1
Copyright (C) 2008 Free Software Foundation, Inc.
This is free software; see the source for copying conditions.  There is NO
warranty; not even for MERCHANTABILITY or FITNESS FOR A PARTICULAR PURPOSE.

configure:2538: $? = 0
configure:2527: gcc -v >&5
Using built-in specs.
Target: i686-pc-cygwin
Configured with: /gnu/gcc/releases/packaging/4.3.4-3/gcc4-4.3.4-3/src/gcc-4.3.4/configure --srcdir=/gnu/gcc/releases/packaging/4.3.4-3/gcc4-4.3.4-3/src/gcc-4.3.4 --prefix=/usr --exec-prefix=/usr --bindir=/usr/bin --sbindir=/usr/sbin --libexecdir=/usr/lib --datadir=/usr/share --localstatedir=/var --sysconfdir=/etc --infodir=/usr/share/info --mandir=/usr/share/man --datadir=/usr/share --infodir=/usr/share/info --mandir=/usr/share/man -v --with-gmp=/usr --with-mpfr=/usr --enable-bootstrap --enable-version-specific-runtime-libs --with-slibdir=/usr/bin --libexecdir=/usr/lib --enable-static --enable-shared --enable-shared-libgcc --disable-__cxa_atexit --with-gnu-ld --with-gnu-as --with-dwarf2 --disable-sjlj-exceptions --enable-languages=ada,c,c++,fortran,java,objc,obj-c++ --disable-symvers --enable-libjava --program-suffix=-4 --enable-libgomp --enable-libssp --enable-libada --enable-threads=posix --with-arch=i686 --with-tune=generic --enable-libgcj-sublibs CC=gcc-4 CXX=g++-4 CC_FOR_TARGET=gcc-4 CXX_FOR_TARGET=g++-4 GNATMAKE_FOR_TARGET=gnatmake GNATBIND_FOR_TARGET=gnatbind AS=/opt/gcc-tools/bin/as.exe AS_FOR_TARGET=/opt/gcc-tools/bin/as.exe LD=/opt/gcc-tools/bin/ld.exe LD_FOR_TARGET=/opt/gcc-tools/bin/ld.exe --with-ecj-jar=/usr/share/java/ecj.jar
Thread model: posix
gcc version 4.3.4 20090804 (release) 1 (GCC) 
configure:2538: $? = 0
configure:2527: gcc -V >&5
gcc: '-V' option must have argument
configure:2538: $? = 1
configure:2527: gcc -qversion >&5
gcc: unrecognized option '-qversion'
gcc: no input files
configure:2538: $? = 1
configure:2560: checking for C compiler default output file name
configure:2582: gcc    conftest.c  >&5
configure:2586: $? = 0
configure:2623: result: a.exe
configure:2639: checking whether the C compiler works
configure:2648: ./a.exe
configure:2652: $? = 0
configure:2667: result: yes
configure:2674: checking whether we are cross compiling
configure:2676: result: no
configure:2679: checking for suffix of executables
configure:2686: gcc -o conftest.exe    conftest.c  >&5
configure:2690: $? = 0
configure:2712: result: .exe
configure:2718: checking for suffix of object files
configure:2740: gcc -c   conftest.c >&5
configure:2744: $? = 0
configure:2765: result: o
configure:2769: checking whether we are using the GNU C compiler
configure:2788: gcc -c   conftest.c >&5
configure:2788: $? = 0
configure:2797: result: yes
configure:2806: checking whether gcc accepts -g
configure:2826: gcc -c -g  conftest.c >&5
configure:2826: $? = 0
configure:2867: result: yes
configure:2884: checking for gcc option to accept ISO C89
configure:2948: gcc  -c   conftest.c >&5
configure:2948: $? = 0
configure:2961: result: none needed
configure:2981: checking for GNU make
configure:3000: result: make
configure:3034: checking how to run the C preprocessor
configure:3065: gcc -E  conftest.c
configure:3065: $? = 0
configure:3079: gcc -E  conftest.c
conftest.c:9:28: error: ac_nonexistent.h: No such file or directory
configure:3079: $? = 1
configure: failed program was:
| /* confdefs.h */
| #define PACKAGE_NAME ""
| #define PACKAGE_TARNAME ""
| #define PACKAGE_VERSION ""
| #define PACKAGE_STRING ""
| #define PACKAGE_BUGREPORT ""
| #define PACKAGE_URL ""
| /* end confdefs.h.  */
| #include <ac_nonexistent.h>
configure:3104: result: gcc -E
configure:3124: gcc -E  conftest.c
configure:3124: $? = 0
configure:3138: gcc -E  conftest.c
conftest.c:9:28: error: ac_nonexistent.h: No such file or directory
configure:3138: $? = 1
configure: failed program was:
| /* confdefs.h */
| #define PACKAGE_NAME ""
| #define PACKAGE_TARNAME ""
| #define PACKAGE_VERSION ""
| #define PACKAGE_STRING ""
| #define PACKAGE_BUGREPORT ""
| #define PACKAGE_URL ""
| /* end confdefs.h.  */
| #include <ac_nonexistent.h>
configure:3167: checking for grep that handles long lines and -e
configure:3225: result: /usr/bin/grep
configure:3230: checking for egrep
configure:3292: result: /usr/bin/grep -E
configure:3297: checking for ANSI C header files
configure:3317: gcc -c   conftest.c >&5
configure:3317: $? = 0
configure:3390: gcc -o conftest.exe    conftest.c  >&5
configure:3390: $? = 0
configure:3390: ./conftest.exe
configure:3390: $? = 0
configure:3401: result: yes
configure:3414: checking for sys/types.h
configure:3414: gcc -c   conftest.c >&5
configure:3414: $? = 0
configure:3414: result: yes
configure:3414: checking for sys/stat.h
configure:3414: gcc -c   conftest.c >&5
configure:3414: $? = 0
configure:3414: result: yes
configure:3414: checking for stdlib.h
configure:3414: gcc -c   conftest.c >&5
configure:3414: $? = 0
configure:3414: result: yes
configure:3414: checking for string.h
configure:3414: gcc -c   conftest.c >&5
configure:3414: $? = 0
configure:3414: result: yes
configure:3414: checking for memory.h
configure:3414: gcc -c   conftest.c >&5
configure:3414: $? = 0
configure:3414: result: yes
configure:3414: checking for strings.h
configure:3414: gcc -c   conftest.c >&5
configure:3414: $? = 0
configure:3414: result: yes
configure:3414: checking for inttypes.h
configure:3414: gcc -c   conftest.c >&5
configure:3414: $? = 0
configure:3414: result: yes
configure:3414: checking for stdint.h
configure:3414: gcc -c   conftest.c >&5
configure:3414: $? = 0
configure:3414: result: yes
configure:3414: checking for unistd.h
configure:3414: gcc -c   conftest.c >&5
configure:3414: $? = 0
configure:3414: result: yes
configure:3429: checking for working alloca.h
configure:3446: gcc -o conftest.exe    conftest.c  >&5
configure:3446: $? = 0
configure:3454: result: yes
configure:3462: checking for alloca
configure:3499: gcc -o conftest.exe    conftest.c  >&5
configure:3499: $? = 0
configure:3507: result: yes
configure:3620: checking for asprintf
configure:3620: gcc -o conftest.exe    conftest.c  >&5
configure:3620: $? = 0
configure:3620: result: yes
configure:3620: checking for getloadavg
configure:3620: gcc -o conftest.exe    conftest.c  >&5
/cygdrive/c/Users/WILSON/AppData/Local/Temp/ccFjybuM.o:conftest.c:(.text+0x17): undefined reference to `_getloadavg'
collect2: ld returned 1 exit status
configure:3620: $? = 1
configure: failed program was:
| /* confdefs.h */
| #define PACKAGE_NAME ""
| #define PACKAGE_TARNAME ""
| #define PACKAGE_VERSION ""
| #define PACKAGE_STRING ""
| #define PACKAGE_BUGREPORT ""
| #define PACKAGE_URL ""
| #define STDC_HEADERS 1
| #define HAVE_SYS_TYPES_H 1
| #define HAVE_SYS_STAT_H 1
| #define HAVE_STDLIB_H 1
| #define HAVE_STRING_H 1
| #define HAVE_MEMORY_H 1
| #define HAVE_STRINGS_H 1
| #define HAVE_INTTYPES_H 1
| #define HAVE_STDINT_H 1
| #define HAVE_UNISTD_H 1
| #define HAVE_ALLOCA_H 1
| #define HAVE_ALLOCA 1
| #define HAVE_ASPRINTF 1
| /* end confdefs.h.  */
| /* Define getloadavg to an innocuous variant, in case <limits.h> declares getloadavg.
|    For example, HP-UX 11i <limits.h> declares gettimeofday.  */
| #define getloadavg innocuous_getloadavg
| 
| /* System header to define __stub macros and hopefully few prototypes,
|     which can conflict with char getloadavg (); below.
|     Prefer <limits.h> to <assert.h> if __STDC__ is defined, since
|     <limits.h> exists even on freestanding compilers.  */
| 
| #ifdef __STDC__
| # include <limits.h>
| #else
| # include <assert.h>
| #endif
| 
| #undef getloadavg
| 
| /* Override any GCC internal prototype to avoid an error.
|    Use char because int might match the return type of a GCC
|    builtin and then its argument prototype would still apply.  */
| #ifdef __cplusplus
| extern "C"
| #endif
| char getloadavg ();
| /* The GNU C library defines this for functions which it implements
|     to always fail with ENOSYS.  Some functions are actually named
|     something starting with __ and the normal name is an alias.  */
| #if defined __stub_getloadavg || defined __stub___getloadavg
| choke me
| #endif
| 
| int
| main ()
| {
| return getloadavg ();
|   ;
|   return 0;
| }
configure:3620: result: no
configure:3620: checking for setenv
configure:3620: gcc -o conftest.exe    conftest.c  >&5
configure:3620: $? = 0
configure:3620: result: yes
configure:3620: checking for strcasestr
configure:3620: gcc -o conftest.exe    conftest.c  >&5
configure:3620: $? = 0
configure:3620: result: yes
configure:3620: checking for strndup
configure:3620: gcc -o conftest.exe    conftest.c  >&5
conftest.c:47: warning: conflicting types for built-in function 'strndup'
configure:3620: $? = 0
configure:3620: result: yes
configure:3620: checking for strnlen
configure:3620: gcc -o conftest.exe    conftest.c  >&5
configure:3620: $? = 0
configure:3620: result: yes
configure:3620: checking for strsep
configure:3620: gcc -o conftest.exe    conftest.c  >&5
configure:3620: $? = 0
configure:3620: result: yes
configure:3620: checking for unsetenv
configure:3620: gcc -o conftest.exe    conftest.c  >&5
configure:3620: $? = 0
configure:3620: result: yes
configure:3620: checking for vasprintf
configure:3620: gcc -o conftest.exe    conftest.c  >&5
configure:3620: $? = 0
configure:3620: result: yes
configure:3725: checking for newtBell in -lnewt
configure:3750: gcc -o conftest.exe    conftest.c -lnewt    >&5
/usr/lib/gcc/i686-pc-cygwin/4.3.4/../../../../i686-pc-cygwin/bin/ld: cannot find -lnewt
collect2: ld returned 1 exit status
configure:3750: $? = 1
configure: failed program was:
| /* confdefs.h */
| #define PACKAGE_NAME ""
| #define PACKAGE_TARNAME ""
| #define PACKAGE_VERSION ""
| #define PACKAGE_STRING ""
| #define PACKAGE_BUGREPORT ""
| #define PACKAGE_URL ""
| #define STDC_HEADERS 1
| #define HAVE_SYS_TYPES_H 1
| #define HAVE_SYS_STAT_H 1
| #define HAVE_STDLIB_H 1
| #define HAVE_STRING_H 1
| #define HAVE_MEMORY_H 1
| #define HAVE_STRINGS_H 1
| #define HAVE_INTTYPES_H 1
| #define HAVE_STDINT_H 1
| #define HAVE_UNISTD_H 1
| #define HAVE_ALLOCA_H 1
| #define HAVE_ALLOCA 1
| #define HAVE_ASPRINTF 1
| #define HAVE_SETENV 1
| #define HAVE_STRCASESTR 1
| #define HAVE_STRNDUP 1
| #define HAVE_STRNLEN 1
| #define HAVE_STRSEP 1
| #define HAVE_UNSETENV 1
| #define HAVE_VASPRINTF 1
| /* end confdefs.h.  */
| 
| /* Override any GCC internal prototype to avoid an error.
|    Use char because int might match the return type of a GCC
|    builtin and then its argument prototype would still apply.  */
| #ifdef __cplusplus
| extern "C"
| #endif
| char newtBell ();
| int
| main ()
| {
| return newtBell ();
|   ;
|   return 0;
| }
configure:3759: result: no
configure:3846: checking for initscr in -lcurses
configure:3871: gcc -o conftest.exe    conftest.c -lcurses    >&5
configure:3871: $? = 0
configure:3880: result: yes
configure:3909: checking curses.h usability
configure:3909: gcc -c   conftest.c >&5
conftest.c:62:20: error: curses.h: No such file or directory
configure:3909: $? = 1
configure: failed program was:
| /* confdefs.h */
| #define PACKAGE_NAME ""
| #define PACKAGE_TARNAME ""
| #define PACKAGE_VERSION ""
| #define PACKAGE_STRING ""
| #define PACKAGE_BUGREPORT ""
| #define PACKAGE_URL ""
| #define STDC_HEADERS 1
| #define HAVE_SYS_TYPES_H 1
| #define HAVE_SYS_STAT_H 1
| #define HAVE_STDLIB_H 1
| #define HAVE_STRING_H 1
| #define HAVE_MEMORY_H 1
| #define HAVE_STRINGS_H 1
| #define HAVE_INTTYPES_H 1
| #define HAVE_STDINT_H 1
| #define HAVE_UNISTD_H 1
| #define HAVE_ALLOCA_H 1
| #define HAVE_ALLOCA 1
| #define HAVE_ASPRINTF 1
| #define HAVE_SETENV 1
| #define HAVE_STRCASESTR 1
| #define HAVE_STRNDUP 1
| #define HAVE_STRNLEN 1
| #define HAVE_STRSEP 1
| #define HAVE_UNSETENV 1
| #define HAVE_VASPRINTF 1
| /* end confdefs.h.  */
| #include <stdio.h>
| #ifdef HAVE_SYS_TYPES_H
| # include <sys/types.h>
| #endif
| #ifdef HAVE_SYS_STAT_H
| # include <sys/stat.h>
| #endif
| #ifdef STDC_HEADERS
| # include <stdlib.h>
| # include <stddef.h>
| #else
| # ifdef HAVE_STDLIB_H
| #  include <stdlib.h>
| # endif
| #endif
| #ifdef HAVE_STRING_H
| # if !defined STDC_HEADERS && defined HAVE_MEMORY_H
| #  include <memory.h>
| # endif
| # include <string.h>
| #endif
| #ifdef HAVE_STRINGS_H
| # include <strings.h>
| #endif
| #ifdef HAVE_INTTYPES_H
| # include <inttypes.h>
| #endif
| #ifdef HAVE_STDINT_H
| # include <stdint.h>
| #endif
| #ifdef HAVE_UNISTD_H
| # include <unistd.h>
| #endif
| #include <curses.h>
configure:3909: result: no
configure:3909: checking curses.h presence
configure:3909: gcc -E  conftest.c
conftest.c:29:20: error: curses.h: No such file or directory
configure:3909: $? = 1
configure: failed program was:
| /* confdefs.h */
| #define PACKAGE_NAME ""
| #define PACKAGE_TARNAME ""
| #define PACKAGE_VERSION ""
| #define PACKAGE_STRING ""
| #define PACKAGE_BUGREPORT ""
| #define PACKAGE_URL ""
| #define STDC_HEADERS 1
| #define HAVE_SYS_TYPES_H 1
| #define HAVE_SYS_STAT_H 1
| #define HAVE_STDLIB_H 1
| #define HAVE_STRING_H 1
| #define HAVE_MEMORY_H 1
| #define HAVE_STRINGS_H 1
| #define HAVE_INTTYPES_H 1
| #define HAVE_STDINT_H 1
| #define HAVE_UNISTD_H 1
| #define HAVE_ALLOCA_H 1
| #define HAVE_ALLOCA 1
| #define HAVE_ASPRINTF 1
| #define HAVE_SETENV 1
| #define HAVE_STRCASESTR 1
| #define HAVE_STRNDUP 1
| #define HAVE_STRNLEN 1
| #define HAVE_STRSEP 1
| #define HAVE_UNSETENV 1
| #define HAVE_VASPRINTF 1
| /* end confdefs.h.  */
| #include <curses.h>
configure:3909: result: no
configure:3909: checking for curses.h
configure:3909: result: no
configure:3967: checking for initscr in -lncurses
configure:3992: gcc -o conftest.exe    conftest.c -lncurses    >&5
configure:3992: $? = 0
configure:4001: result: yes
configure:4030: checking for curses.h
configure:4030: result: no
configure:4123: checking for pkg-config
configure:4139: found /usr/bin/pkg-config
configure:4150: result: pkg-config
configure:4294: creating ./config.status

## ---------------------- ##
## Running config.status. ##
## ---------------------- ##

This file was extended by config.status, which was
generated by GNU Autoconf 2.64.  Invocation command line was

  CONFIG_FILES    = 
  CONFIG_HEADERS  = 
  CONFIG_LINKS    = 
  CONFIG_COMMANDS = 
  $ ./config.status --quiet

on WILSON-THINK

config.status:836: creating makeopts
config.status:836: creating autoconfig.h
configure:5508: === configuring in mxml (/home/WILSON/asterisk/asterisk-1.6.2.6/menuselect/mxml)
configure:5571: running /bin/sh ./configure --disable-option-checking --silent '--prefix=/usr/local'  'CC=' 'LD=' 'AR=' 'CFLAGS=' --cache-file=/dev/null --srcdir=.
configure:5588: Menuselect build configuration successfully completed

## ---------------- ##
## Cache variables. ##
## ---------------- ##

ac_cv_GNU_MAKE=make
ac_cv_GNU_MAKE_VERSION_MAJOR=3
ac_cv_GNU_MAKE_VERSION_MINOR=81
ac_cv_build=i686-pc-cygwin
ac_cv_c_compiler_gnu=yes
ac_cv_env_CC_set=set
ac_cv_env_CC_value=
ac_cv_env_CFLAGS_set=set
ac_cv_env_CFLAGS_value=
ac_cv_env_CPPFLAGS_set=
ac_cv_env_CPPFLAGS_value=
ac_cv_env_CPP_set=
ac_cv_env_CPP_value=
ac_cv_env_LDFLAGS_set=
ac_cv_env_LDFLAGS_value=
ac_cv_env_LIBS_set=
ac_cv_env_LIBS_value=
ac_cv_env_build_alias_set=
ac_cv_env_build_alias_value=
ac_cv_env_host_alias_set=
ac_cv_env_host_alias_value=
ac_cv_env_target_alias_set=
ac_cv_env_target_alias_value=
ac_cv_exeext=.exe
ac_cv_func_alloca_works=yes
ac_cv_func_asprintf=yes
ac_cv_func_getloadavg=no
ac_cv_func_setenv=yes
ac_cv_func_strcasestr=yes
ac_cv_func_strndup=yes
ac_cv_func_strnlen=yes
ac_cv_func_strsep=yes
ac_cv_func_unsetenv=yes
ac_cv_func_vasprintf=yes
ac_cv_header_curses_h=no
ac_cv_header_inttypes_h=yes
ac_cv_header_memory_h=yes
ac_cv_header_stdc=yes
ac_cv_header_stdint_h=yes
ac_cv_header_stdlib_h=yes
ac_cv_header_string_h=yes
ac_cv_header_strings_h=yes
ac_cv_header_sys_stat_h=yes
ac_cv_header_sys_types_h=yes
ac_cv_header_unistd_h=yes
ac_cv_host=i686-pc-cygwin
ac_cv_lib_curses_initscr=yes
ac_cv_lib_ncurses_initscr=yes
ac_cv_lib_newt_newtBell=no
ac_cv_objext=o
ac_cv_path_EGREP='/usr/bin/grep -E'
ac_cv_path_GREP=/usr/bin/grep
ac_cv_prog_CPP='gcc -E'
ac_cv_prog_ac_ct_CC=gcc
ac_cv_prog_ac_ct_PKGCONFIG=pkg-config
ac_cv_prog_cc_c89=
ac_cv_prog_cc_g=yes
ac_cv_working_alloca_h=yes

## ----------------- ##
## Output variables. ##
## ----------------- ##

ALLOCA=''
CC='gcc'
CFLAGS=''
CPP='gcc -E'
CPPFLAGS=''
CURSES_INCLUDE=''
CURSES_LIB=''
DEFS='-DHAVE_CONFIG_H'
ECHO_C=''
ECHO_N='-n'
ECHO_T=''
EGREP='/usr/bin/grep -E'
EXEEXT='.exe'
GNU_MAKE='make'
GREP='/usr/bin/grep'
GTK2_INCLUDE='-I/usr/include/gtk-2.0 -I/usr/lib/gtk-2.0/include -I/usr/include/atk-1.0 -I/usr/include/cairo -I/usr/include/pango-1.0 -I/usr/include/glib-2.0 -I/usr/lib/glib-2.0/include -I/usr/include/pixman-1 -I/usr/include/freetype2 -I/usr/include/libpng12  '
GTK2_LIB='-lgtk-x11-2.0 -lgdk-x11-2.0 -latk-1.0 -lgdk_pixbuf-2.0 -lpangocairo-1.0 -lgio-2.0 -lXinerama -lXi -lXrandr -lXcursor -lXcomposite -lXdamage -lpangoft2-1.0 -lXext -lXfixes -lcairo -lpixman-1 -lglitz -lpng12 -lxcb-render-util -lXrender -lxcb-render -lX11 -lxcb -lXau -lXdmcp -lpango-1.0 -lm -lfontconfig -lexpat -lfreetype -lz -lgobject-2.0 -lgmodule-2.0 -lglib-2.0 -lintl -liconv  '
HOST_OS='cygwin'
LDFLAGS=''
LIBOBJS=''
LIBS=''
LTLIBOBJS=''
MENUSELECT_DEBUG=''
NCURSES_INCLUDE=''
NCURSES_LIB=''
NEWT_INCLUDE=''
NEWT_LIB=''
OBJEXT='o'
PACKAGE_BUGREPORT=''
PACKAGE_NAME=''
PACKAGE_STRING=''
PACKAGE_TARNAME=''
PACKAGE_URL=''
PACKAGE_VERSION=''
PATH_SEPARATOR=':'
PBX_CURSES='0'
PBX_GTK2='1'
PBX_NCURSES='0'
PBX_NEWT='0'
PKGCONFIG='pkg-config'
SHELL='/bin/sh'
ac_ct_CC='gcc'
bindir='${exec_prefix}/bin'
build='i686-pc-cygwin'
build_alias=''
build_cpu='i686'
build_os='cygwin'
build_vendor='pc'
datadir='${datarootdir}'
datarootdir='${prefix}/share'
docdir='${datarootdir}/doc/${PACKAGE}'
dvidir='${docdir}'
exec_prefix='${prefix}'
host='i686-pc-cygwin'
host_alias=''
host_cpu='i686'
host_os='cygwin'
host_vendor='pc'
htmldir='${docdir}'
includedir='${prefix}/include'
infodir='${datarootdir}/info'
libdir='${exec_prefix}/lib'
libexecdir='${exec_prefix}/libexec'
localedir='${datarootdir}/locale'
localstatedir='${prefix}/var'
mandir='${datarootdir}/man'
oldincludedir='/usr/include'
pdfdir='${docdir}'
prefix='/usr/local'
program_transform_name='s,x,x,'
psdir='${docdir}'
sbindir='${exec_prefix}/sbin'
sharedstatedir='${prefix}/com'
subdirs=' mxml'
sysconfdir='${prefix}/etc'
target_alias=''

## ----------- ##
## confdefs.h. ##
## ----------- ##

/* confdefs.h */
#define PACKAGE_NAME ""
#define PACKAGE_TARNAME ""
#define PACKAGE_VERSION ""
#define PACKAGE_STRING ""
#define PACKAGE_BUGREPORT ""
#define PACKAGE_URL ""
#define STDC_HEADERS 1
#define HAVE_SYS_TYPES_H 1
#define HAVE_SYS_STAT_H 1
#define HAVE_STDLIB_H 1
#define HAVE_STRING_H 1
#define HAVE_MEMORY_H 1
#define HAVE_STRINGS_H 1
#define HAVE_INTTYPES_H 1
#define HAVE_STDINT_H 1
#define HAVE_UNISTD_H 1
#define HAVE_ALLOCA_H 1
#define HAVE_ALLOCA 1
#define HAVE_ASPRINTF 1
#define HAVE_SETENV 1
#define HAVE_STRCASESTR 1
#define HAVE_STRNDUP 1
#define HAVE_STRNLEN 1
#define HAVE_STRSEP 1
#define HAVE_UNSETENV 1
#define HAVE_VASPRINTF 1
#define HAVE_GTK2 1

configure: exit 0
