This file contains any messages produced by compilers while
running configure, to aid debugging if configure makes a mistake.

It was created by configure, which was
generated by GNU Autoconf 2.61.  Invocation command line was

  $ ./configure 

## --------- ##
## Platform. ##
## --------- ##

hostname = WILSON-THINK
uname -m = i686
uname -r = 1.7.5(0.225/5/3)
uname -s = CYGWIN_NT-6.1
uname -v = 2010-04-12 19:07

/usr/bin/uname -p = unknown
/bin/uname -X     = unknown

/bin/arch              = i686
/usr/bin/arch -k       = unknown
/usr/convex/getsysinfo = unknown
/usr/bin/hostinfo      = unknown
/bin/machine           = unknown
/usr/bin/oslevel       = unknown
/bin/universe          = unknown

PATH: /usr/local/bin
PATH: /usr/bin
PATH: /bin
PATH: /cygdrive/c/Windows/system32
PATH: /cygdrive/c/Windows
PATH: /cygdrive/c/Windows/System32/Wbem
PATH: /cygdrive/c/Windows/System32/WindowsPowerShell/v1.0/
PATH: /cygdrive/c/Program Files/ThinkPad/Bluetooth Software/
PATH: /cygdrive/c/Program Files/Common Files/Lenovo
PATH: /cygdrive/c/Program Files/Lenovo/Access Connections/
PATH: /cygdrive/c/PROGRA~1/DISKEE~1/DISKEE~1/
PATH: /cygdrive/c/Program Files/Intel/WiFi/bin/
PATH: /cygdrive/c/Program Files/Common Files/Intel/WirelessCommon/
PATH: /cygdrive/d/Program Files/TortoiseSVN/bin
PATH: /cygdrive/d/Program Files/TortoiseGit/bin
PATH: /cygdrive/c/Program Files/Microsoft SQL Server/90/Tools/binn/
PATH: /cygdrive/c/Program Files/Common Files/Thunder Network/KanKan/Codecs
PATH: /cygdrive/d/Program Files/TortoiseHg/
PATH: /cygdrive/d/Ruby/bin
PATH: /cygdrive/d/Ruby19/bin
PATH: /cygdrive/d/jruby-1.5.0.RC1/bin
PATH: /cygdrive/d/Program Files/IDM Computer Solutions/UltraEdit/
PATH: /cygdrive/d/Program Files/IDM Computer Solutions/UltraCompare/
PATH: /usr/lib/lapack


## ----------- ##
## Core tests. ##
## ----------- ##

configure:1835: checking for gcc
configure:1862: result: gcc
configure:2100: checking for C compiler version
configure:2107: gcc --version >&5
gcc (GCC) 4.3.4 20090804 (release) 1
Copyright (C) 2008 Free Software Foundation, Inc.
This is free software; see the source for copying conditions.  There is NO
warranty; not even for MERCHANTABILITY or FITNESS FOR A PARTICULAR PURPOSE.

configure:2110: $? = 0
configure:2117: gcc -v >&5
Using built-in specs.
Target: i686-pc-cygwin
Configured with: /gnu/gcc/releases/packaging/4.3.4-3/gcc4-4.3.4-3/src/gcc-4.3.4/configure --srcdir=/gnu/gcc/releases/packaging/4.3.4-3/gcc4-4.3.4-3/src/gcc-4.3.4 --prefix=/usr --exec-prefix=/usr --bindir=/usr/bin --sbindir=/usr/sbin --libexecdir=/usr/lib --datadir=/usr/share --localstatedir=/var --sysconfdir=/etc --infodir=/usr/share/info --mandir=/usr/share/man --datadir=/usr/share --infodir=/usr/share/info --mandir=/usr/share/man -v --with-gmp=/usr --with-mpfr=/usr --enable-bootstrap --enable-version-specific-runtime-libs --with-slibdir=/usr/bin --libexecdir=/usr/lib --enable-static --enable-shared --enable-shared-libgcc --disable-__cxa_atexit --with-gnu-ld --with-gnu-as --with-dwarf2 --disable-sjlj-exceptions --enable-languages=ada,c,c++,fortran,java,objc,obj-c++ --disable-symvers --enable-libjava --program-suffix=-4 --enable-libgomp --enable-libssp --enable-libada --enable-threads=posix --with-arch=i686 --with-tune=generic --enable-libgcj-sublibs CC=gcc-4 CXX=g++-4 CC_FOR_TARGET=gcc-4 CXX_FOR_TARGET=g++-4 GNATMAKE_FOR_TARGET=gnatmake GNATBIND_FOR_TARGET=gnatbind AS=/opt/gcc-tools/bin/as.exe AS_FOR_TARGET=/opt/gcc-tools/bin/as.exe LD=/opt/gcc-tools/bin/ld.exe LD_FOR_TARGET=/opt/gcc-tools/bin/ld.exe --with-ecj-jar=/usr/share/java/ecj.jar
Thread model: posix
gcc version 4.3.4 20090804 (release) 1 (GCC) 
configure:2120: $? = 0
configure:2127: gcc -V >&5
gcc: '-V' option must have argument
configure:2130: $? = 1
configure:2153: checking for C compiler default output file name
configure:2180: gcc -Os -g -Wall -Os -g -Wall -Os -g -Wall -Os -g -Wall        conftest.c  >&5
configure:2183: $? = 0
configure:2221: result: a.exe
configure:2238: checking whether the C compiler works
configure:2248: ./a.exe
configure:2251: $? = 0
configure:2268: result: yes
configure:2275: checking whether we are cross compiling
configure:2277: result: no
configure:2280: checking for suffix of executables
configure:2287: gcc -o conftest.exe -Os -g -Wall -Os -g -Wall -Os -g -Wall -Os -g -Wall        conftest.c  >&5
configure:2290: $? = 0
configure:2314: result: .exe
configure:2320: checking for suffix of object files
configure:2346: gcc -c -Os -g -Wall -Os -g -Wall -Os -g -Wall -Os -g -Wall       conftest.c >&5
configure:2349: $? = 0
configure:2372: result: o
configure:2376: checking whether we are using the GNU C compiler
configure:2405: gcc -c -Os -g -Wall -Os -g -Wall -Os -g -Wall -Os -g -Wall       conftest.c >&5
configure:2411: $? = 0
configure:2428: result: yes
configure:2433: checking whether gcc accepts -g
configure:2463: gcc -c -g  conftest.c >&5
configure:2469: $? = 0
configure:2568: result: yes
configure:2585: checking for gcc option to accept ISO C89
configure:2659: gcc  -c -Os -g -Wall -Os -g -Wall -Os -g -Wall -Os -g -Wall       conftest.c >&5
configure:2665: $? = 0
configure:2688: result: none needed
configure:2822: checking for C++ compiler version
configure:2829: g++ --version >&5
g++ (GCC) 4.3.4 20090804 (release) 1
Copyright (C) 2008 Free Software Foundation, Inc.
This is free software; see the source for copying conditions.  There is NO
warranty; not even for MERCHANTABILITY or FITNESS FOR A PARTICULAR PURPOSE.

configure:2832: $? = 0
configure:2839: g++ -v >&5
Using built-in specs.
Target: i686-pc-cygwin
Configured with: /gnu/gcc/releases/packaging/4.3.4-3/gcc4-4.3.4-3/src/gcc-4.3.4/configure --srcdir=/gnu/gcc/releases/packaging/4.3.4-3/gcc4-4.3.4-3/src/gcc-4.3.4 --prefix=/usr --exec-prefix=/usr --bindir=/usr/bin --sbindir=/usr/sbin --libexecdir=/usr/lib --datadir=/usr/share --localstatedir=/var --sysconfdir=/etc --infodir=/usr/share/info --mandir=/usr/share/man --datadir=/usr/share --infodir=/usr/share/info --mandir=/usr/share/man -v --with-gmp=/usr --with-mpfr=/usr --enable-bootstrap --enable-version-specific-runtime-libs --with-slibdir=/usr/bin --libexecdir=/usr/lib --enable-static --enable-shared --enable-shared-libgcc --disable-__cxa_atexit --with-gnu-ld --with-gnu-as --with-dwarf2 --disable-sjlj-exceptions --enable-languages=ada,c,c++,fortran,java,objc,obj-c++ --disable-symvers --enable-libjava --program-suffix=-4 --enable-libgomp --enable-libssp --enable-libada --enable-threads=posix --with-arch=i686 --with-tune=generic --enable-libgcj-sublibs CC=gcc-4 CXX=g++-4 CC_FOR_TARGET=gcc-4 CXX_FOR_TARGET=g++-4 GNATMAKE_FOR_TARGET=gnatmake GNATBIND_FOR_TARGET=gnatbind AS=/opt/gcc-tools/bin/as.exe AS_FOR_TARGET=/opt/gcc-tools/bin/as.exe LD=/opt/gcc-tools/bin/ld.exe LD_FOR_TARGET=/opt/gcc-tools/bin/ld.exe --with-ecj-jar=/usr/share/java/ecj.jar
Thread model: posix
gcc version 4.3.4 20090804 (release) 1 (GCC) 
configure:2842: $? = 0
configure:2849: g++ -V >&5
g++: '-V' option must have argument
configure:2852: $? = 1
configure:2855: checking whether we are using the GNU C++ compiler
configure:2884: g++ -c   conftest.cpp >&5
configure:2890: $? = 0
configure:2907: result: yes
configure:2912: checking whether g++ accepts -g
configure:2942: g++ -c -g  conftest.cpp >&5
configure:2948: $? = 0
configure:3047: result: yes
configure:3114: checking for a BSD-compatible install
configure:3170: result: /usr/bin/install -c
configure:3228: checking for ranlib
configure:3255: result: ranlib
configure:3283: checking for ar
configure:3313: result: /usr/bin/ar
configure:3323: checking for cp
configure:3341: found /usr/bin/cp
configure:3353: result: /usr/bin/cp
configure:3363: checking for ln
configure:3381: found /usr/bin/ln
configure:3393: result: /usr/bin/ln
configure:3403: checking for mkdir
configure:3421: found /usr/bin/mkdir
configure:3433: result: /usr/bin/mkdir
configure:3443: checking for rm
configure:3461: found /usr/bin/rm
configure:3473: result: /usr/bin/rm
configure:3499: checking for inline
configure:3525: gcc -c -Os -g -Wall -Os -g -Wall -Os -g -Wall -Os -g -Wall       conftest.c >&5
configure:3531: $? = 0
configure:3549: result: inline
configure:3574: checking for strdup
configure:3630: gcc -o conftest.exe -Os -g -Wall -Os -g -Wall -Os -g -Wall -Os -g -Wall        conftest.c  >&5
conftest.c:32: warning: conflicting types for built-in function 'strdup'
configure:3636: $? = 0
configure:3654: result: yes
configure:3672: checking for snprintf
configure:3728: gcc -o conftest.exe -Os -g -Wall -Os -g -Wall -Os -g -Wall -Os -g -Wall        conftest.c  >&5
conftest.c:33: warning: conflicting types for built-in function 'snprintf'
configure:3734: $? = 0
configure:3752: result: yes
configure:3672: checking for vsnprintf
configure:3728: gcc -o conftest.exe -Os -g -Wall -Os -g -Wall -Os -g -Wall -Os -g -Wall        conftest.c  >&5
conftest.c:34: warning: conflicting types for built-in function 'vsnprintf'
configure:3734: $? = 0
configure:3752: result: yes
configure:3764: checking for long long int
configure:3815: result: yes
configure:3841: checking how to run the C preprocessor
configure:3881: gcc -E  conftest.c
configure:3887: $? = 0
configure:3918: gcc -E  conftest.c
conftest.c:13:28: error: ac_nonexistent.h: No such file or directory
configure:3924: $? = 1
configure: failed program was:
| /* confdefs.h.  */
| #define PACKAGE_NAME ""
| #define PACKAGE_TARNAME ""
| #define PACKAGE_VERSION ""
| #define PACKAGE_STRING ""
| #define PACKAGE_BUGREPORT ""
| #define MXML_VERSION "Mini-XML v2.6"
| #define HAVE_STRDUP 1
| #define HAVE_SNPRINTF 1
| #define HAVE_VSNPRINTF 1
| #define HAVE_LONG_LONG 1
| /* end confdefs.h.  */
| #include <ac_nonexistent.h>
configure:3957: result: gcc -E
configure:3986: gcc -E  conftest.c
configure:3992: $? = 0
configure:4023: gcc -E  conftest.c
conftest.c:13:28: error: ac_nonexistent.h: No such file or directory
configure:4029: $? = 1
configure: failed program was:
| /* confdefs.h.  */
| #define PACKAGE_NAME ""
| #define PACKAGE_TARNAME ""
| #define PACKAGE_VERSION ""
| #define PACKAGE_STRING ""
| #define PACKAGE_BUGREPORT ""
| #define MXML_VERSION "Mini-XML v2.6"
| #define HAVE_STRDUP 1
| #define HAVE_SNPRINTF 1
| #define HAVE_VSNPRINTF 1
| #define HAVE_LONG_LONG 1
| /* end confdefs.h.  */
| #include <ac_nonexistent.h>
configure:4067: checking for grep that handles long lines and -e
configure:4141: result: /usr/bin/grep
configure:4146: checking for egrep
configure:4224: result: /usr/bin/grep -E
configure:4229: checking for ANSI C header files
configure:4259: gcc -c -Os -g -Wall -Os -g -Wall -Os -g -Wall -Os -g -Wall       conftest.c >&5
configure:4265: $? = 0
configure:4364: gcc -o conftest.exe -Os -g -Wall -Os -g -Wall -Os -g -Wall -Os -g -Wall        conftest.c  >&5
configure:4367: $? = 0
configure:4373: ./conftest.exe
configure:4376: $? = 0
configure:4393: result: yes
configure:4417: checking for sys/types.h
configure:4438: gcc -c -Os -g -Wall -Os -g -Wall -Os -g -Wall -Os -g -Wall       conftest.c >&5
configure:4444: $? = 0
configure:4460: result: yes
configure:4417: checking for sys/stat.h
configure:4438: gcc -c -Os -g -Wall -Os -g -Wall -Os -g -Wall -Os -g -Wall       conftest.c >&5
configure:4444: $? = 0
configure:4460: result: yes
configure:4417: checking for stdlib.h
configure:4438: gcc -c -Os -g -Wall -Os -g -Wall -Os -g -Wall -Os -g -Wall       conftest.c >&5
configure:4444: $? = 0
configure:4460: result: yes
configure:4417: checking for string.h
configure:4438: gcc -c -Os -g -Wall -Os -g -Wall -Os -g -Wall -Os -g -Wall       conftest.c >&5
configure:4444: $? = 0
configure:4460: result: yes
configure:4417: checking for memory.h
configure:4438: gcc -c -Os -g -Wall -Os -g -Wall -Os -g -Wall -Os -g -Wall       conftest.c >&5
configure:4444: $? = 0
configure:4460: result: yes
configure:4417: checking for strings.h
configure:4438: gcc -c -Os -g -Wall -Os -g -Wall -Os -g -Wall -Os -g -Wall       conftest.c >&5
configure:4444: $? = 0
configure:4460: result: yes
configure:4417: checking for inttypes.h
configure:4438: gcc -c -Os -g -Wall -Os -g -Wall -Os -g -Wall -Os -g -Wall       conftest.c >&5
configure:4444: $? = 0
configure:4460: result: yes
configure:4417: checking for stdint.h
configure:4438: gcc -c -Os -g -Wall -Os -g -Wall -Os -g -Wall -Os -g -Wall       conftest.c >&5
configure:4444: $? = 0
configure:4460: result: yes
configure:4417: checking for unistd.h
configure:4438: gcc -c -Os -g -Wall -Os -g -Wall -Os -g -Wall -Os -g -Wall       conftest.c >&5
configure:4444: $? = 0
configure:4460: result: yes
configure:4482: checking pthread.h usability
configure:4499: gcc -c -Os -g -Wall -Os -g -Wall -Os -g -Wall -Os -g -Wall       conftest.c >&5
configure:4505: $? = 0
configure:4519: result: yes
configure:4523: checking pthread.h presence
configure:4538: gcc -E  conftest.c
configure:4544: $? = 0
configure:4558: result: yes
configure:4586: checking for pthread.h
configure:4593: result: yes
configure:4608: checking for pthread_create using -lpthreads
configure:4633: gcc -o conftest.exe -Os -g -Wall -Os -g -Wall -Os -g -Wall -Os -g -Wall        conftest.c -lpthreads  >&5
/usr/lib/gcc/i686-pc-cygwin/4.3.4/../../../../i686-pc-cygwin/bin/ld: cannot find -lpthreads
collect2: ld returned 1 exit status
configure:4639: $? = 1
configure: failed program was:
| /* confdefs.h.  */
| #define PACKAGE_NAME ""
| #define PACKAGE_TARNAME ""
| #define PACKAGE_VERSION ""
| #define PACKAGE_STRING ""
| #define PACKAGE_BUGREPORT ""
| #define MXML_VERSION "Mini-XML v2.6"
| #define HAVE_STRDUP 1
| #define HAVE_SNPRINTF 1
| #define HAVE_VSNPRINTF 1
| #define HAVE_LONG_LONG 1
| #define STDC_HEADERS 1
| #define HAVE_SYS_TYPES_H 1
| #define HAVE_SYS_STAT_H 1
| #define HAVE_STDLIB_H 1
| #define HAVE_STRING_H 1
| #define HAVE_MEMORY_H 1
| #define HAVE_STRINGS_H 1
| #define HAVE_INTTYPES_H 1
| #define HAVE_STDINT_H 1
| #define HAVE_UNISTD_H 1
| #define HAVE_PTHREAD_H 1
| /* end confdefs.h.  */
| #include <pthread.h>
| int
| main ()
| {
| pthread_create(0, 0, 0, 0);
|   ;
|   return 0;
| }
configure:4655: result: no
configure:4608: checking for pthread_create using -lpthread
configure:4633: gcc -o conftest.exe -Os -g -Wall -Os -g -Wall -Os -g -Wall -Os -g -Wall        conftest.c -lpthread  >&5
configure:4639: $? = 0
configure:4655: result: yes
configure:4957: creating ./config.status

## ---------------------- ##
## Running config.status. ##
## ---------------------- ##

This file was extended by config.status, which was
generated by GNU Autoconf 2.61.  Invocation command line was

  CONFIG_FILES    = 
  CONFIG_HEADERS  = 
  CONFIG_LINKS    = 
  CONFIG_COMMANDS = 
  $ ./config.status 

on WILSON-THINK

config.status:618: creating Makefile
config.status:618: creating mxml.list
config.status:618: creating mxml.pc
config.status:618: creating config.h

## ---------------- ##
## Cache variables. ##
## ---------------- ##

ac_cv_c_compiler_gnu=yes
ac_cv_c_inline=inline
ac_cv_c_long_long=yes
ac_cv_cxx_compiler_gnu=yes
ac_cv_env_CCC_set=
ac_cv_env_CCC_value=
ac_cv_env_CC_set=set
ac_cv_env_CC_value=gcc
ac_cv_env_CFLAGS_set=set
ac_cv_env_CFLAGS_value='-Os -g -Wall -Os -g -Wall -Os -g -Wall -Os -g -Wall     '
ac_cv_env_CPPFLAGS_set=
ac_cv_env_CPPFLAGS_value=
ac_cv_env_CPP_set=
ac_cv_env_CPP_value=
ac_cv_env_CXXFLAGS_set=
ac_cv_env_CXXFLAGS_value=
ac_cv_env_CXX_set=set
ac_cv_env_CXX_value=g++
ac_cv_env_LDFLAGS_set=
ac_cv_env_LDFLAGS_value=
ac_cv_env_LIBS_set=
ac_cv_env_LIBS_value=
ac_cv_env_build_alias_set=
ac_cv_env_build_alias_value=
ac_cv_env_host_alias_set=
ac_cv_env_host_alias_value=
ac_cv_env_target_alias_set=
ac_cv_env_target_alias_value=
ac_cv_exeext=.exe
ac_cv_func_snprintf=yes
ac_cv_func_strdup=yes
ac_cv_func_vsnprintf=yes
ac_cv_header_inttypes_h=yes
ac_cv_header_memory_h=yes
ac_cv_header_pthread_h=yes
ac_cv_header_stdc=yes
ac_cv_header_stdint_h=yes
ac_cv_header_stdlib_h=yes
ac_cv_header_string_h=yes
ac_cv_header_strings_h=yes
ac_cv_header_sys_stat_h=yes
ac_cv_header_sys_types_h=yes
ac_cv_header_unistd_h=yes
ac_cv_objext=o
ac_cv_path_AR=/usr/bin/ar
ac_cv_path_CP=/usr/bin/cp
ac_cv_path_EGREP='/usr/bin/grep -E'
ac_cv_path_GREP=/usr/bin/grep
ac_cv_path_LN=/usr/bin/ln
ac_cv_path_MKDIR=/usr/bin/mkdir
ac_cv_path_RM=/usr/bin/rm
ac_cv_prog_CPP='gcc -E'
ac_cv_prog_ac_ct_CC=gcc
ac_cv_prog_ac_ct_RANLIB=ranlib
ac_cv_prog_cc_c89=
ac_cv_prog_cc_g=yes
ac_cv_prog_cxx_g=yes

## ----------------- ##
## Output variables. ##
## ----------------- ##

AR='/usr/bin/ar'
ARCHFLAGS=''
ARFLAGS='crvs'
CC='gcc'
CFLAGS='-Wall -Os -g -Wall -Os -g -Wall -Os -g -Wall -Os -g -Wall     '
CP='/usr/bin/cp'
CPP='gcc -E'
CPPFLAGS=''
CXX='g++'
CXXFLAGS=''
DEFS='-DHAVE_CONFIG_H'
DSO=':'
DSOFLAGS=''
ECHO_C=''
ECHO_N='-n'
ECHO_T=''
EGREP='/usr/bin/grep -E'
EXEEXT='.exe'
GREP='/usr/bin/grep'
INSTALL_DATA='${INSTALL} -m 644'
INSTALL_PROGRAM='${INSTALL}'
INSTALL_SCRIPT='${INSTALL}'
LDFLAGS=''
LIBMXML='libmxml.a'
LIBOBJS=''
LIBS=''
LN='/usr/bin/ln'
LTLIBOBJS=''
MKDIR='/usr/bin/mkdir'
OBJEXT='o'
OPTIM='-Os -g'
PACKAGE_BUGREPORT=''
PACKAGE_NAME=''
PACKAGE_STRING=''
PACKAGE_TARNAME=''
PACKAGE_VERSION=''
PATH_SEPARATOR=':'
PC_CFLAGS='-I${prefix}/include'
PC_LIBS='-L${exec_prefix}/lib -lmxml'
PICFLAG='0'
PTHREAD_FLAGS='-D_THREAD_SAFE -D_REENTRANT'
PTHREAD_LIBS='-lpthread'
RANLIB='ranlib'
RM='/usr/bin/rm'
SHELL='/bin/sh'
VERSION='2.6'
ac_ct_CC='gcc'
ac_ct_CXX=''
bindir='${exec_prefix}/bin'
build_alias=''
datadir='${datarootdir}'
datarootdir='${prefix}/share'
docdir='${datarootdir}/doc/mxml'
dvidir='${docdir}'
exec_prefix='/usr/local'
host_alias=''
htmldir='${docdir}'
includedir='${prefix}/include'
infodir='${datarootdir}/info'
libdir='${exec_prefix}/lib'
libexecdir='${exec_prefix}/libexec'
localedir='${datarootdir}/locale'
localstatedir='${prefix}/var'
mandir='${datarootdir}/man'
oldincludedir='/usr/include'
pdfdir='${docdir}'
prefix='/usr/local'
program_transform_name='s,x,x,'
psdir='${docdir}'
sbindir='${exec_prefix}/sbin'
sharedstatedir='${prefix}/com'
sysconfdir='${prefix}/etc'
target_alias=''

## ----------- ##
## confdefs.h. ##
## ----------- ##

#define PACKAGE_NAME ""
#define PACKAGE_TARNAME ""
#define PACKAGE_VERSION ""
#define PACKAGE_STRING ""
#define PACKAGE_BUGREPORT ""
#define MXML_VERSION "Mini-XML v2.6"
#define HAVE_STRDUP 1
#define HAVE_SNPRINTF 1
#define HAVE_VSNPRINTF 1
#define HAVE_LONG_LONG 1
#define STDC_HEADERS 1
#define HAVE_SYS_TYPES_H 1
#define HAVE_SYS_STAT_H 1
#define HAVE_STDLIB_H 1
#define HAVE_STRING_H 1
#define HAVE_MEMORY_H 1
#define HAVE_STRINGS_H 1
#define HAVE_INTTYPES_H 1
#define HAVE_STDINT_H 1
#define HAVE_UNISTD_H 1
#define HAVE_PTHREAD_H 1

configure: exit 0
