This file contains any messages produced by compilers while
running configure, to aid debugging if configure makes a mistake.

It was created by configure, which was
generated by GNU Autoconf 2.63.  Invocation command line was

  $ ./configure 

## --------- ##
## Platform. ##
## --------- ##

hostname = WILSON-THINK
uname -m = i686
uname -r = 1.7.5(0.225/5/3)
uname -s = CYGWIN_NT-6.1
uname -v = 2010-04-12 19:07

/usr/bin/uname -p = unknown
/bin/uname -X     = unknown

/bin/arch              = i686
/usr/bin/arch -k       = unknown
/usr/convex/getsysinfo = unknown
/usr/bin/hostinfo      = unknown
/bin/machine           = unknown
/usr/bin/oslevel       = unknown
/bin/universe          = unknown

PATH: /usr/local/bin
PATH: /usr/bin
PATH: /bin
PATH: /cygdrive/c/Windows/system32
PATH: /cygdrive/c/Windows
PATH: /cygdrive/c/Windows/System32/Wbem
PATH: /cygdrive/c/Windows/System32/WindowsPowerShell/v1.0/
PATH: /cygdrive/c/Program Files/ThinkPad/Bluetooth Software/
PATH: /cygdrive/c/Program Files/Common Files/Lenovo
PATH: /cygdrive/c/Program Files/Lenovo/Access Connections/
PATH: /cygdrive/c/PROGRA~1/DISKEE~1/DISKEE~1/
PATH: /cygdrive/c/Program Files/Intel/WiFi/bin/
PATH: /cygdrive/c/Program Files/Common Files/Intel/WirelessCommon/
PATH: /cygdrive/d/Program Files/TortoiseSVN/bin
PATH: /cygdrive/d/Program Files/TortoiseGit/bin
PATH: /cygdrive/c/Program Files/Microsoft SQL Server/90/Tools/binn/
PATH: /cygdrive/c/Program Files/Common Files/Thunder Network/KanKan/Codecs
PATH: /cygdrive/d/Ruby/bin
PATH: /cygdrive/d/Ruby19/bin
PATH: /cygdrive/d/jruby-1.5.0.RC1/bin
PATH: /cygdrive/d/Program Files/IDM Computer Solutions/UltraEdit/
PATH: /cygdrive/d/Program Files/IDM Computer Solutions/UltraCompare/
PATH: /usr/lib/lapack


## ----------- ##
## Core tests. ##
## ----------- ##

configure:1896: checking build system type
configure:1914: result: i686-pc-cygwin
configure:1936: checking host system type
configure:1951: result: i686-pc-cygwin
configure:1973: checking target system type
configure:1988: result: i686-pc-cygwin
configure:2121: checking for uname
configure:2139: found /usr/bin/uname
configure:2151: result: /usr/bin/uname
configure:2307: checking for gcc
configure:2323: found /usr/bin/gcc
configure:2334: result: gcc
configure:2566: checking for C compiler version
configure:2574: gcc --version >&5
gcc (GCC) 4.3.4 20090804 (release) 1
Copyright (C) 2008 Free Software Foundation, Inc.
This is free software; see the source for copying conditions.  There is NO
warranty; not even for MERCHANTABILITY or FITNESS FOR A PARTICULAR PURPOSE.

configure:2578: $? = 0
configure:2585: gcc -v >&5
Using built-in specs.
Target: i686-pc-cygwin
Configured with: /gnu/gcc/releases/packaging/4.3.4-3/gcc4-4.3.4-3/src/gcc-4.3.4/configure --srcdir=/gnu/gcc/releases/packaging/4.3.4-3/gcc4-4.3.4-3/src/gcc-4.3.4 --prefix=/usr --exec-prefix=/usr --bindir=/usr/bin --sbindir=/usr/sbin --libexecdir=/usr/lib --datadir=/usr/share --localstatedir=/var --sysconfdir=/etc --infodir=/usr/share/info --mandir=/usr/share/man --datadir=/usr/share --infodir=/usr/share/info --mandir=/usr/share/man -v --with-gmp=/usr --with-mpfr=/usr --enable-bootstrap --enable-version-specific-runtime-libs --with-slibdir=/usr/bin --libexecdir=/usr/lib --enable-static --enable-shared --enable-shared-libgcc --disable-__cxa_atexit --with-gnu-ld --with-gnu-as --with-dwarf2 --disable-sjlj-exceptions --enable-languages=ada,c,c++,fortran,java,objc,obj-c++ --disable-symvers --enable-libjava --program-suffix=-4 --enable-libgomp --enable-libssp --enable-libada --enable-threads=posix --with-arch=i686 --with-tune=generic --enable-libgcj-sublibs CC=gcc-4 CXX=g++-4 CC_FOR_TARGET=gcc-4 CXX_FOR_TARGET=g++-4 GNATMAKE_FOR_TARGET=gnatmake GNATBIND_FOR_TARGET=gnatbind AS=/opt/gcc-tools/bin/as.exe AS_FOR_TARGET=/opt/gcc-tools/bin/as.exe LD=/opt/gcc-tools/bin/ld.exe LD_FOR_TARGET=/opt/gcc-tools/bin/ld.exe --with-ecj-jar=/usr/share/java/ecj.jar
Thread model: posix
gcc version 4.3.4 20090804 (release) 1 (GCC) 
configure:2589: $? = 0
configure:2596: gcc -V >&5
gcc: '-V' option must have argument
configure:2600: $? = 1
configure:2623: checking for C compiler default output file name
configure:2645: gcc    conftest.c  >&5
configure:2649: $? = 0
configure:2687: result: a.exe
configure:2706: checking whether the C compiler works
configure:2716: ./a.exe
configure:2720: $? = 0
configure:2739: result: yes
configure:2746: checking whether we are cross compiling
configure:2748: result: no
configure:2751: checking for suffix of executables
configure:2758: gcc -o conftest.exe    conftest.c  >&5
configure:2762: $? = 0
configure:2788: result: .exe
configure:2794: checking for suffix of object files
configure:2820: gcc -c   conftest.c >&5
configure:2824: $? = 0
configure:2849: result: o
configure:2853: checking whether we are using the GNU C compiler
configure:2882: gcc -c   conftest.c >&5
configure:2889: $? = 0
configure:2906: result: yes
configure:2915: checking whether gcc accepts -g
configure:2945: gcc -c -g  conftest.c >&5
configure:2952: $? = 0
configure:3053: result: yes
configure:3070: checking for gcc option to accept ISO C89
configure:3144: gcc  -c -g -O2  conftest.c >&5
configure:3151: $? = 0
configure:3174: result: none needed
configure:3198: checking how to run the C preprocessor
configure:3238: gcc -E  conftest.c
configure:3245: $? = 0
configure:3276: gcc -E  conftest.c
conftest.c:13:28: error: ac_nonexistent.h: No such file or directory
configure:3283: $? = 1
configure: failed program was:
| /* confdefs.h.  */
| #define PACKAGE_NAME ""
| #define PACKAGE_TARNAME ""
| #define PACKAGE_VERSION ""
| #define PACKAGE_STRING ""
| #define PACKAGE_BUGREPORT ""
| #define PBX_PLATFORM "i686-pc-cygwin"
| #define PBX_CPU "i686"
| #define PBX_VENDOR "pc"
| #define PBX_OS "cygwin"
| #define Unix 1
| /* end confdefs.h.  */
| #include <ac_nonexistent.h>
configure:3316: result: gcc -E
configure:3345: gcc -E  conftest.c
configure:3352: $? = 0
configure:3383: gcc -E  conftest.c
conftest.c:13:28: error: ac_nonexistent.h: No such file or directory
configure:3390: $? = 1
configure: failed program was:
| /* confdefs.h.  */
| #define PACKAGE_NAME ""
| #define PACKAGE_TARNAME ""
| #define PACKAGE_VERSION ""
| #define PACKAGE_STRING ""
| #define PACKAGE_BUGREPORT ""
| #define PBX_PLATFORM "i686-pc-cygwin"
| #define PBX_CPU "i686"
| #define PBX_VENDOR "pc"
| #define PBX_OS "cygwin"
| #define Unix 1
| /* end confdefs.h.  */
| #include <ac_nonexistent.h>
configure:3430: checking for grep that handles long lines and -e
configure:3490: result: /usr/bin/grep
configure:3495: checking for egrep
configure:3559: result: /usr/bin/grep -E
configure:3564: checking for ANSI C header files
configure:3594: gcc -c -g -O2  conftest.c >&5
configure:3601: $? = 0
configure:3700: gcc -o conftest.exe -g -O2   conftest.c  >&5
configure:3704: $? = 0
configure:3710: ./conftest.exe
configure:3714: $? = 0
configure:3732: result: yes
configure:3756: checking for sys/types.h
configure:3777: gcc -c -g -O2  conftest.c >&5
configure:3784: $? = 0
configure:3801: result: yes
configure:3756: checking for sys/stat.h
configure:3777: gcc -c -g -O2  conftest.c >&5
configure:3784: $? = 0
configure:3801: result: yes
configure:3756: checking for stdlib.h
configure:3777: gcc -c -g -O2  conftest.c >&5
configure:3784: $? = 0
configure:3801: result: yes
configure:3756: checking for string.h
configure:3777: gcc -c -g -O2  conftest.c >&5
configure:3784: $? = 0
configure:3801: result: yes
configure:3756: checking for memory.h
configure:3777: gcc -c -g -O2  conftest.c >&5
configure:3784: $? = 0
configure:3801: result: yes
configure:3756: checking for strings.h
configure:3777: gcc -c -g -O2  conftest.c >&5
configure:3784: $? = 0
configure:3801: result: yes
configure:3756: checking for inttypes.h
configure:3777: gcc -c -g -O2  conftest.c >&5
configure:3784: $? = 0
configure:3801: result: yes
configure:3756: checking for stdint.h
configure:3777: gcc -c -g -O2  conftest.c >&5
configure:3784: $? = 0
configure:3801: result: yes
configure:3756: checking for unistd.h
configure:3777: gcc -c -g -O2  conftest.c >&5
configure:3784: $? = 0
configure:3801: result: yes
configure:3826: checking minix/config.h usability
configure:3843: gcc -c -g -O2  conftest.c >&5
conftest.c:56:26: error: minix/config.h: No such file or directory
configure:3850: $? = 1
configure: failed program was:
| /* confdefs.h.  */
| #define PACKAGE_NAME ""
| #define PACKAGE_TARNAME ""
| #define PACKAGE_VERSION ""
| #define PACKAGE_STRING ""
| #define PACKAGE_BUGREPORT ""
| #define PBX_PLATFORM "i686-pc-cygwin"
| #define PBX_CPU "i686"
| #define PBX_VENDOR "pc"
| #define PBX_OS "cygwin"
| #define Unix 1
| #define STDC_HEADERS 1
| #define HAVE_SYS_TYPES_H 1
| #define HAVE_SYS_STAT_H 1
| #define HAVE_STDLIB_H 1
| #define HAVE_STRING_H 1
| #define HAVE_MEMORY_H 1
| #define HAVE_STRINGS_H 1
| #define HAVE_INTTYPES_H 1
| #define HAVE_STDINT_H 1
| #define HAVE_UNISTD_H 1
| /* end confdefs.h.  */
| #include <stdio.h>
| #ifdef HAVE_SYS_TYPES_H
| # include <sys/types.h>
| #endif
| #ifdef HAVE_SYS_STAT_H
| # include <sys/stat.h>
| #endif
| #ifdef STDC_HEADERS
| # include <stdlib.h>
| # include <stddef.h>
| #else
| # ifdef HAVE_STDLIB_H
| #  include <stdlib.h>
| # endif
| #endif
| #ifdef HAVE_STRING_H
| # if !defined STDC_HEADERS && defined HAVE_MEMORY_H
| #  include <memory.h>
| # endif
| # include <string.h>
| #endif
| #ifdef HAVE_STRINGS_H
| # include <strings.h>
| #endif
| #ifdef HAVE_INTTYPES_H
| # include <inttypes.h>
| #endif
| #ifdef HAVE_STDINT_H
| # include <stdint.h>
| #endif
| #ifdef HAVE_UNISTD_H
| # include <unistd.h>
| #endif
| #include <minix/config.h>
configure:3864: result: no
configure:3868: checking minix/config.h presence
configure:3883: gcc -E  conftest.c
conftest.c:23:26: error: minix/config.h: No such file or directory
configure:3890: $? = 1
configure: failed program was:
| /* confdefs.h.  */
| #define PACKAGE_NAME ""
| #define PACKAGE_TARNAME ""
| #define PACKAGE_VERSION ""
| #define PACKAGE_STRING ""
| #define PACKAGE_BUGREPORT ""
| #define PBX_PLATFORM "i686-pc-cygwin"
| #define PBX_CPU "i686"
| #define PBX_VENDOR "pc"
| #define PBX_OS "cygwin"
| #define Unix 1
| #define STDC_HEADERS 1
| #define HAVE_SYS_TYPES_H 1
| #define HAVE_SYS_STAT_H 1
| #define HAVE_STDLIB_H 1
| #define HAVE_STRING_H 1
| #define HAVE_MEMORY_H 1
| #define HAVE_STRINGS_H 1
| #define HAVE_INTTYPES_H 1
| #define HAVE_STDINT_H 1
| #define HAVE_UNISTD_H 1
| /* end confdefs.h.  */
| #include <minix/config.h>
configure:3904: result: no
configure:3932: checking for minix/config.h
configure:3939: result: no
configure:3970: checking whether it is safe to define __EXTENSIONS__
configure:3998: gcc -c -g -O2  conftest.c >&5
configure:4005: $? = 0
configure:4020: result: yes
configure:4748: checking for gcc
configure:4775: result: gcc
configure:5007: checking for C compiler version
configure:5015: gcc --version >&5
gcc (GCC) 4.3.4 20090804 (release) 1
Copyright (C) 2008 Free Software Foundation, Inc.
This is free software; see the source for copying conditions.  There is NO
warranty; not even for MERCHANTABILITY or FITNESS FOR A PARTICULAR PURPOSE.

configure:5019: $? = 0
configure:5026: gcc -v >&5
Using built-in specs.
Target: i686-pc-cygwin
Configured with: /gnu/gcc/releases/packaging/4.3.4-3/gcc4-4.3.4-3/src/gcc-4.3.4/configure --srcdir=/gnu/gcc/releases/packaging/4.3.4-3/gcc4-4.3.4-3/src/gcc-4.3.4 --prefix=/usr --exec-prefix=/usr --bindir=/usr/bin --sbindir=/usr/sbin --libexecdir=/usr/lib --datadir=/usr/share --localstatedir=/var --sysconfdir=/etc --infodir=/usr/share/info --mandir=/usr/share/man --datadir=/usr/share --infodir=/usr/share/info --mandir=/usr/share/man -v --with-gmp=/usr --with-mpfr=/usr --enable-bootstrap --enable-version-specific-runtime-libs --with-slibdir=/usr/bin --libexecdir=/usr/lib --enable-static --enable-shared --enable-shared-libgcc --disable-__cxa_atexit --with-gnu-ld --with-gnu-as --with-dwarf2 --disable-sjlj-exceptions --enable-languages=ada,c,c++,fortran,java,objc,obj-c++ --disable-symvers --enable-libjava --program-suffix=-4 --enable-libgomp --enable-libssp --enable-libada --enable-threads=posix --with-arch=i686 --with-tune=generic --enable-libgcj-sublibs CC=gcc-4 CXX=g++-4 CC_FOR_TARGET=gcc-4 CXX_FOR_TARGET=g++-4 GNATMAKE_FOR_TARGET=gnatmake GNATBIND_FOR_TARGET=gnatbind AS=/opt/gcc-tools/bin/as.exe AS_FOR_TARGET=/opt/gcc-tools/bin/as.exe LD=/opt/gcc-tools/bin/ld.exe LD_FOR_TARGET=/opt/gcc-tools/bin/ld.exe --with-ecj-jar=/usr/share/java/ecj.jar
Thread model: posix
gcc version 4.3.4 20090804 (release) 1 (GCC) 
configure:5030: $? = 0
configure:5037: gcc -V >&5
gcc: '-V' option must have argument
configure:5041: $? = 1
configure:5044: checking whether we are using the GNU C compiler
configure:5097: result: yes
configure:5106: checking whether gcc accepts -g
configure:5244: result: yes
configure:5261: checking for gcc option to accept ISO C89
configure:5365: result: none needed
configure:5441: checking for g++
configure:5457: found /usr/bin/g++
configure:5468: result: g++
configure:5495: checking for C++ compiler version
configure:5503: g++ --version >&5
g++ (GCC) 4.3.4 20090804 (release) 1
Copyright (C) 2008 Free Software Foundation, Inc.
This is free software; see the source for copying conditions.  There is NO
warranty; not even for MERCHANTABILITY or FITNESS FOR A PARTICULAR PURPOSE.

configure:5507: $? = 0
configure:5514: g++ -v >&5
Using built-in specs.
Target: i686-pc-cygwin
Configured with: /gnu/gcc/releases/packaging/4.3.4-3/gcc4-4.3.4-3/src/gcc-4.3.4/configure --srcdir=/gnu/gcc/releases/packaging/4.3.4-3/gcc4-4.3.4-3/src/gcc-4.3.4 --prefix=/usr --exec-prefix=/usr --bindir=/usr/bin --sbindir=/usr/sbin --libexecdir=/usr/lib --datadir=/usr/share --localstatedir=/var --sysconfdir=/etc --infodir=/usr/share/info --mandir=/usr/share/man --datadir=/usr/share --infodir=/usr/share/info --mandir=/usr/share/man -v --with-gmp=/usr --with-mpfr=/usr --enable-bootstrap --enable-version-specific-runtime-libs --with-slibdir=/usr/bin --libexecdir=/usr/lib --enable-static --enable-shared --enable-shared-libgcc --disable-__cxa_atexit --with-gnu-ld --with-gnu-as --with-dwarf2 --disable-sjlj-exceptions --enable-languages=ada,c,c++,fortran,java,objc,obj-c++ --disable-symvers --enable-libjava --program-suffix=-4 --enable-libgomp --enable-libssp --enable-libada --enable-threads=posix --with-arch=i686 --with-tune=generic --enable-libgcj-sublibs CC=gcc-4 CXX=g++-4 CC_FOR_TARGET=gcc-4 CXX_FOR_TARGET=g++-4 GNATMAKE_FOR_TARGET=gnatmake GNATBIND_FOR_TARGET=gnatbind AS=/opt/gcc-tools/bin/as.exe AS_FOR_TARGET=/opt/gcc-tools/bin/as.exe LD=/opt/gcc-tools/bin/ld.exe LD_FOR_TARGET=/opt/gcc-tools/bin/ld.exe --with-ecj-jar=/usr/share/java/ecj.jar
Thread model: posix
gcc version 4.3.4 20090804 (release) 1 (GCC) 
configure:5518: $? = 0
configure:5525: g++ -V >&5
g++: '-V' option must have argument
configure:5529: $? = 1
configure:5532: checking whether we are using the GNU C++ compiler
configure:5561: g++ -c   conftest.cpp >&5
configure:5568: $? = 0
configure:5585: result: yes
configure:5594: checking whether g++ accepts -g
configure:5624: g++ -c -g  conftest.cpp >&5
configure:5631: $? = 0
configure:5732: result: yes
configure:5769: checking for a BSD-compatible install
configure:5837: result: /usr/bin/install -c
configure:5848: checking whether ln -s works
configure:5852: result: yes
configure:5863: checking for gawk
configure:5879: found /usr/bin/gawk
configure:5890: result: gawk
configure:5901: checking for GNU make
configure:5920: result: make
configure:5934: checking for awk
configure:5952: found /usr/bin/awk
configure:5965: result: /usr/bin/awk
configure:5975: checking for grep
configure:6006: result: /usr/bin/grep
configure:6016: checking for basename
configure:6034: found /usr/bin/basename
configure:6047: result: /usr/bin/basename
configure:6057: checking for dirname
configure:6075: found /usr/bin/dirname
configure:6088: result: /usr/bin/dirname
configure:6098: checking for sh
configure:6129: result: /bin/sh
configure:6139: checking for ln
configure:6157: found /usr/bin/ln
configure:6170: result: /usr/bin/ln
configure:6180: checking for xmlstarlet
configure:6211: result: :
configure:6389: checking for ba2str in -lbluetooth
configure:6424: gcc -o conftest.exe -g -O2   conftest.c -lbluetooth    >&5
/usr/lib/gcc/i686-pc-cygwin/4.3.4/../../../../i686-pc-cygwin/bin/ld: cannot find -lbluetooth
collect2: ld returned 1 exit status
configure:6431: $? = 1
configure: failed program was:
| /* confdefs.h.  */
| #define PACKAGE_NAME ""
| #define PACKAGE_TARNAME ""
| #define PACKAGE_VERSION ""
| #define PACKAGE_STRING ""
| #define PACKAGE_BUGREPORT ""
| #define PBX_PLATFORM "i686-pc-cygwin"
| #define PBX_CPU "i686"
| #define PBX_VENDOR "pc"
| #define PBX_OS "cygwin"
| #define Unix 1
| #define STDC_HEADERS 1
| #define HAVE_SYS_TYPES_H 1
| #define HAVE_SYS_STAT_H 1
| #define HAVE_STDLIB_H 1
| #define HAVE_STRING_H 1
| #define HAVE_MEMORY_H 1
| #define HAVE_STRINGS_H 1
| #define HAVE_INTTYPES_H 1
| #define HAVE_STDINT_H 1
| #define HAVE_UNISTD_H 1
| #define __EXTENSIONS__ 1
| #define _ALL_SOURCE 1
| #define _GNU_SOURCE 1
| #define _POSIX_PTHREAD_SEMANTICS 1
| #define _TANDEM_SOURCE 1
| /* end confdefs.h.  */
| 
| /* Override any GCC internal prototype to avoid an error.
|    Use char because int might match the return type of a GCC
|    builtin and then its argument prototype would still apply.  */
| #ifdef __cplusplus
| extern "C"
| #endif
| char ba2str ();
| int
| main ()
| {
| return ba2str ();
|   ;
|   return 0;
| }
configure:6452: result: no
configure:6796: checking for initscr in -lcurses
configure:6831: gcc -o conftest.exe -g -O2   conftest.c -lcurses    >&5
configure:6838: $? = 0
configure:6859: result: yes
configure:7029: checking curses.h usability
configure:7046: gcc -c -g -O2  conftest.c >&5
conftest.c:61:20: error: curses.h: No such file or directory
configure:7053: $? = 1
configure: failed program was:
| /* confdefs.h.  */
| #define PACKAGE_NAME ""
| #define PACKAGE_TARNAME ""
| #define PACKAGE_VERSION ""
| #define PACKAGE_STRING ""
| #define PACKAGE_BUGREPORT ""
| #define PBX_PLATFORM "i686-pc-cygwin"
| #define PBX_CPU "i686"
| #define PBX_VENDOR "pc"
| #define PBX_OS "cygwin"
| #define Unix 1
| #define STDC_HEADERS 1
| #define HAVE_SYS_TYPES_H 1
| #define HAVE_SYS_STAT_H 1
| #define HAVE_STDLIB_H 1
| #define HAVE_STRING_H 1
| #define HAVE_MEMORY_H 1
| #define HAVE_STRINGS_H 1
| #define HAVE_INTTYPES_H 1
| #define HAVE_STDINT_H 1
| #define HAVE_UNISTD_H 1
| #define __EXTENSIONS__ 1
| #define _ALL_SOURCE 1
| #define _GNU_SOURCE 1
| #define _POSIX_PTHREAD_SEMANTICS 1
| #define _TANDEM_SOURCE 1
| /* end confdefs.h.  */
| #include <stdio.h>
| #ifdef HAVE_SYS_TYPES_H
| # include <sys/types.h>
| #endif
| #ifdef HAVE_SYS_STAT_H
| # include <sys/stat.h>
| #endif
| #ifdef STDC_HEADERS
| # include <stdlib.h>
| # include <stddef.h>
| #else
| # ifdef HAVE_STDLIB_H
| #  include <stdlib.h>
| # endif
| #endif
| #ifdef HAVE_STRING_H
| # if !defined STDC_HEADERS && defined HAVE_MEMORY_H
| #  include <memory.h>
| # endif
| # include <string.h>
| #endif
| #ifdef HAVE_STRINGS_H
| # include <strings.h>
| #endif
| #ifdef HAVE_INTTYPES_H
| # include <inttypes.h>
| #endif
| #ifdef HAVE_STDINT_H
| # include <stdint.h>
| #endif
| #ifdef HAVE_UNISTD_H
| # include <unistd.h>
| #endif
| #include <curses.h>
configure:7067: result: no
configure:7071: checking curses.h presence
configure:7086: gcc -E  conftest.c
conftest.c:28:20: error: curses.h: No such file or directory
configure:7093: $? = 1
configure: failed program was:
| /* confdefs.h.  */
| #define PACKAGE_NAME ""
| #define PACKAGE_TARNAME ""
| #define PACKAGE_VERSION ""
| #define PACKAGE_STRING ""
| #define PACKAGE_BUGREPORT ""
| #define PBX_PLATFORM "i686-pc-cygwin"
| #define PBX_CPU "i686"
| #define PBX_VENDOR "pc"
| #define PBX_OS "cygwin"
| #define Unix 1
| #define STDC_HEADERS 1
| #define HAVE_SYS_TYPES_H 1
| #define HAVE_SYS_STAT_H 1
| #define HAVE_STDLIB_H 1
| #define HAVE_STRING_H 1
| #define HAVE_MEMORY_H 1
| #define HAVE_STRINGS_H 1
| #define HAVE_INTTYPES_H 1
| #define HAVE_STDINT_H 1
| #define HAVE_UNISTD_H 1
| #define __EXTENSIONS__ 1
| #define _ALL_SOURCE 1
| #define _GNU_SOURCE 1
| #define _POSIX_PTHREAD_SEMANTICS 1
| #define _TANDEM_SOURCE 1
| /* end confdefs.h.  */
| #include <curses.h>
configure:7107: result: no
configure:7135: checking for curses.h
configure:7142: result: no
configure:7203: checking for initscr in -lncurses
configure:7238: gcc -o conftest.exe -g -O2   conftest.c -lncurses    >&5
configure:7245: $? = 0
configure:7266: result: yes
configure:7427: checking for curses.h
configure:7432: result: no
configure:7601: checking for -Wdeclaration-after-statement support
configure:7604: result: yes
configure:7777: checking for mysql_config
configure:7810: result: no
configure:7939: checking for asterisk.h
configure:7968: gcc -c -g -O2  conftest.c >&5
conftest.c:29:22: error: asterisk.h: No such file or directory
configure:7975: $? = 1
configure: failed program was:
| 
| 	/* confdefs.h.  */
| #define PACKAGE_NAME ""
| #define PACKAGE_TARNAME ""
| #define PACKAGE_VERSION ""
| #define PACKAGE_STRING ""
| #define PACKAGE_BUGREPORT ""
| #define PBX_PLATFORM "i686-pc-cygwin"
| #define PBX_CPU "i686"
| #define PBX_VENDOR "pc"
| #define PBX_OS "cygwin"
| #define Unix 1
| #define STDC_HEADERS 1
| #define HAVE_SYS_TYPES_H 1
| #define HAVE_SYS_STAT_H 1
| #define HAVE_STDLIB_H 1
| #define HAVE_STRING_H 1
| #define HAVE_MEMORY_H 1
| #define HAVE_STRINGS_H 1
| #define HAVE_INTTYPES_H 1
| #define HAVE_STDINT_H 1
| #define HAVE_UNISTD_H 1
| #define __EXTENSIONS__ 1
| #define _ALL_SOURCE 1
| #define _GNU_SOURCE 1
| #define _POSIX_PTHREAD_SEMANTICS 1
| #define _TANDEM_SOURCE 1
| /* end confdefs.h.  */
| #include <asterisk.h>
| int
| main ()
| {
| 
|   ;
|   return 0;
| }
| 
configure:7988: result: no
configure:8161: creating ./config.status

## ---------------------- ##
## Running config.status. ##
## ---------------------- ##

This file was extended by config.status, which was
generated by GNU Autoconf 2.63.  Invocation command line was

  CONFIG_FILES    = 
  CONFIG_HEADERS  = 
  CONFIG_LINKS    = 
  CONFIG_COMMANDS = 
  $ ./config.status 

on WILSON-THINK

config.status:705: creating build_tools/menuselect-deps
config.status:705: creating makeopts
configure:9168: Package configured for:
configure:9170: OS type  : Unix
configure:9172: Host CPU : i686

## ---------------- ##
## Cache variables. ##
## ---------------- ##

ac_cv_GNU_MAKE=make
ac_cv_GNU_MAKE_VERSION_MAJOR=3
ac_cv_GNU_MAKE_VERSION_MINOR=81
ac_cv_asterisk_h=no
ac_cv_build=i686-pc-cygwin
ac_cv_c_compiler_gnu=yes
ac_cv_cxx_compiler_gnu=yes
ac_cv_env_CCC_set=
ac_cv_env_CCC_value=
ac_cv_env_CC_set=
ac_cv_env_CC_value=
ac_cv_env_CFLAGS_set=
ac_cv_env_CFLAGS_value=
ac_cv_env_CPPFLAGS_set=
ac_cv_env_CPPFLAGS_value=
ac_cv_env_CPP_set=
ac_cv_env_CPP_value=
ac_cv_env_CXXFLAGS_set=
ac_cv_env_CXXFLAGS_value=
ac_cv_env_CXX_set=
ac_cv_env_CXX_value=
ac_cv_env_LDFLAGS_set=
ac_cv_env_LDFLAGS_value=
ac_cv_env_LIBS_set=
ac_cv_env_LIBS_value=
ac_cv_env_build_alias_set=
ac_cv_env_build_alias_value=
ac_cv_env_host_alias_set=
ac_cv_env_host_alias_value=
ac_cv_env_target_alias_set=
ac_cv_env_target_alias_value=
ac_cv_exeext=.exe
ac_cv_header_curses_h=no
ac_cv_header_inttypes_h=yes
ac_cv_header_memory_h=yes
ac_cv_header_minix_config_h=no
ac_cv_header_stdc=yes
ac_cv_header_stdint_h=yes
ac_cv_header_stdlib_h=yes
ac_cv_header_string_h=yes
ac_cv_header_strings_h=yes
ac_cv_header_sys_stat_h=yes
ac_cv_header_sys_types_h=yes
ac_cv_header_unistd_h=yes
ac_cv_host=i686-pc-cygwin
ac_cv_lib_bluetooth_ba2str=no
ac_cv_lib_curses_initscr=yes
ac_cv_lib_ncurses_initscr=yes
ac_cv_objext=o
ac_cv_path_AWK=/usr/bin/awk
ac_cv_path_BASENAME=/usr/bin/basename
ac_cv_path_DIRNAME=/usr/bin/dirname
ac_cv_path_EGREP='/usr/bin/grep -E'
ac_cv_path_GREP=/usr/bin/grep
ac_cv_path_LN=/usr/bin/ln
ac_cv_path_SHELL=/bin/sh
ac_cv_path_XMLSTARLET=:
ac_cv_path_ac_pt_UNAME=/usr/bin/uname
ac_cv_path_install='/usr/bin/install -c'
ac_cv_prog_AWK=gawk
ac_cv_prog_CPP='gcc -E'
ac_cv_prog_ac_ct_CC=gcc
ac_cv_prog_ac_ct_CXX=g++
ac_cv_prog_cc_c89=
ac_cv_prog_cc_g=yes
ac_cv_prog_cxx_g=yes
ac_cv_safe_to_define___extensions__=yes
ac_cv_target=i686-pc-cygwin

## ----------------- ##
## Output variables. ##
## ----------------- ##

AR=''
ASTERISK_INCLUDE=''
ASTERISK_LIB=''
AST_DECLARATION_AFTER_STATEMENT='-Wdeclaration-after-statement'
AST_DEVMODE=''
AWK='/usr/bin/awk'
BASENAME='/usr/bin/basename'
BLUETOOTH_INCLUDE=''
BLUETOOTH_LIB=''
CC='gcc'
CFLAGS='-g -O2'
CPP='gcc -E'
CPPFLAGS=''
CURSES_INCLUDE=''
CURSES_LIB=''
CXX='g++'
CXXFLAGS='-g -O2'
DEFS='-DPACKAGE_NAME=\"\" -DPACKAGE_TARNAME=\"\" -DPACKAGE_VERSION=\"\" -DPACKAGE_STRING=\"\" -DPACKAGE_BUGREPORT=\"\" -DPBX_PLATFORM=\"i686-pc-cygwin\" -DPBX_CPU=\"i686\" -DPBX_VENDOR=\"pc\" -DPBX_OS=\"cygwin\" -DUnix=1 -DSTDC_HEADERS=1 -DHAVE_SYS_TYPES_H=1 -DHAVE_SYS_STAT_H=1 -DHAVE_STDLIB_H=1 -DHAVE_STRING_H=1 -DHAVE_MEMORY_H=1 -DHAVE_STRINGS_H=1 -DHAVE_INTTYPES_H=1 -DHAVE_STDINT_H=1 -DHAVE_UNISTD_H=1 -D__EXTENSIONS__=1 -D_ALL_SOURCE=1 -D_GNU_SOURCE=1 -D_POSIX_PTHREAD_SEMANTICS=1 -D_TANDEM_SOURCE=1'
DIRNAME='/usr/bin/dirname'
DLLWRAP=''
ECHO_C=''
ECHO_N='-n'
ECHO_T=''
EGREP='/usr/bin/grep -E'
EXEEXT='.exe'
GNU_MAKE='make'
GREP='/usr/bin/grep'
INSTALL_DATA='${INSTALL} -m 644'
INSTALL_PROGRAM='${INSTALL}'
INSTALL_SCRIPT='${INSTALL}'
LDFLAGS=''
LIBOBJS=''
LIBS=''
LN='/usr/bin/ln'
LN_S='ln -s'
LTLIBOBJS=''
MYSQLCLIENT_INCLUDE=''
MYSQLCLIENT_LIB=''
MYSQL_CONFIG='No'
NCURSES_INCLUDE=''
NCURSES_LIB=''
NM=''
OBJEXT='o'
OSISWIN32=''
PACKAGE_BUGREPORT=''
PACKAGE_NAME=''
PACKAGE_STRING=''
PACKAGE_TARNAME=''
PACKAGE_VERSION=''
PATH_SEPARATOR=':'
PBX_ASTERISK='0'
PBX_BLUETOOTH='0'
PBX_CPU='i686'
PBX_CURSES='0'
PBX_MYSQLCLIENT='0'
PBX_NCURSES='0'
PBX_OS='cygwin'
PBX_OSREV='1.7.5(0.225/5/3)'
PBX_OSTYPE='Unix'
PBX_PLATFORM='i686-pc-cygwin'
PBX_VENDOR='pc'
RANLIB=''
SHELL='/bin/sh'
UNAME='/usr/bin/uname'
WINDRES=''
XMLSTARLET=':'
ac_ct_CC='gcc'
ac_ct_CXX='g++'
bindir='${exec_prefix}/bin'
build='i686-pc-cygwin'
build_alias=''
build_cpu='i686'
build_os='cygwin'
build_vendor='pc'
datadir='${datarootdir}'
datarootdir='${prefix}/share'
docdir='${datarootdir}/doc/${PACKAGE}'
dvidir='${docdir}'
exec_prefix='${prefix}'
host='i686-pc-cygwin'
host_alias=''
host_cpu='i686'
host_os='cygwin'
host_vendor='pc'
htmldir='${docdir}'
includedir='${prefix}/include'
infodir='${datarootdir}/info'
libdir='${exec_prefix}/lib'
libexecdir='${exec_prefix}/libexec'
localedir='${datarootdir}/locale'
localstatedir='/var'
mandir='${datarootdir}/man'
oldincludedir='/usr/include'
pdfdir='${docdir}'
prefix='/usr'
program_transform_name='s,x,x,'
psdir='${docdir}'
sbindir='${exec_prefix}/sbin'
sharedstatedir='${prefix}/com'
sysconfdir='/etc'
target='i686-pc-cygwin'
target_alias=''
target_cpu='i686'
target_os='cygwin'
target_vendor='pc'

## ----------- ##
## confdefs.h. ##
## ----------- ##

#define PACKAGE_NAME ""
#define PACKAGE_TARNAME ""
#define PACKAGE_VERSION ""
#define PACKAGE_STRING ""
#define PACKAGE_BUGREPORT ""
#define PBX_PLATFORM "i686-pc-cygwin"
#define PBX_CPU "i686"
#define PBX_VENDOR "pc"
#define PBX_OS "cygwin"
#define Unix 1
#define STDC_HEADERS 1
#define HAVE_SYS_TYPES_H 1
#define HAVE_SYS_STAT_H 1
#define HAVE_STDLIB_H 1
#define HAVE_STRING_H 1
#define HAVE_MEMORY_H 1
#define HAVE_STRINGS_H 1
#define HAVE_INTTYPES_H 1
#define HAVE_STDINT_H 1
#define HAVE_UNISTD_H 1
#define __EXTENSIONS__ 1
#define _ALL_SOURCE 1
#define _GNU_SOURCE 1
#define _POSIX_PTHREAD_SEMANTICS 1
#define _TANDEM_SOURCE 1

configure: exit 0
